2022-07-26 15:04:34.810  INFO 2320 --- [restartedMain] c.l.community.CommunityApplication       : Starting CommunityApplication using Java 1.8.0_332 on WIN-SCEVESF12L8 with PID 2320 (E:\code\java\Community\target\classes started by Administrator in E:\code\java\Community)
2022-07-26 15:04:34.812  INFO 2320 --- [restartedMain] c.l.community.CommunityApplication       : No active profile set, falling back to 1 default profile: "default"
2022-07-26 15:04:34.862  INFO 2320 --- [restartedMain] .e.DevToolsPropertyDefaultsPostProcessor : Devtools property defaults active! Set 'spring.devtools.add-properties' to 'false' to disable
2022-07-26 15:04:34.862  INFO 2320 --- [restartedMain] .e.DevToolsPropertyDefaultsPostProcessor : For additional web related logging consider setting the 'logging.level.web' property to 'DEBUG'
2022-07-26 15:04:35.680  INFO 2320 --- [restartedMain] o.s.b.w.embedded.tomcat.TomcatWebServer  : Tomcat initialized with port(s): 8887 (http)
2022-07-26 15:04:35.681  INFO 2320 --- [restartedMain] o.a.catalina.core.AprLifecycleListener   : Loaded Apache Tomcat Native library [1.2.30] using APR version [1.7.0].
2022-07-26 15:04:35.681  INFO 2320 --- [restartedMain] o.a.catalina.core.AprLifecycleListener   : APR capabilities: IPv6 [true], sendfile [true], accept filters [false], random [true], UDS [true].
2022-07-26 15:04:35.681  INFO 2320 --- [restartedMain] o.a.catalina.core.AprLifecycleListener   : APR/OpenSSL configuration: useAprConnector [false], useOpenSSL [true]
2022-07-26 15:04:35.683  INFO 2320 --- [restartedMain] o.a.catalina.core.AprLifecycleListener   : OpenSSL successfully initialized [OpenSSL 1.1.1k  25 Mar 2021]
2022-07-26 15:04:35.689  INFO 2320 --- [restartedMain] o.apache.catalina.core.StandardService   : Starting service [Tomcat]
2022-07-26 15:04:35.689  INFO 2320 --- [restartedMain] org.apache.catalina.core.StandardEngine  : Starting Servlet engine: [Apache Tomcat/9.0.63]
2022-07-26 15:04:35.739  INFO 2320 --- [restartedMain] o.a.c.c.C.[Tomcat].[localhost].[/]       : Initializing Spring embedded WebApplicationContext
2022-07-26 15:04:35.739  INFO 2320 --- [restartedMain] w.s.c.ServletWebServerApplicationContext : Root WebApplicationContext: initialization completed in 876 ms
2022-07-26 15:04:36.136  INFO 2320 --- [restartedMain] o.s.b.a.w.s.WelcomePageHandlerMapping    : Adding welcome page template: index
2022-07-26 15:04:36.354  INFO 2320 --- [restartedMain] o.s.b.d.a.OptionalLiveReloadServer       : LiveReload server is running on port 35729
2022-07-26 15:04:36.379  INFO 2320 --- [restartedMain] o.s.b.w.embedded.tomcat.TomcatWebServer  : Tomcat started on port(s): 8887 (http) with context path ''
2022-07-26 15:04:36.388  INFO 2320 --- [restartedMain] c.l.community.CommunityApplication       : Started CommunityApplication in 1.903 seconds (JVM running for 2.705)
2022-07-26 15:17:10.714  INFO 2320 --- [http-nio-8887-exec-1] o.a.c.c.C.[Tomcat].[localhost].[/]       : Initializing Spring DispatcherServlet 'dispatcherServlet'
2022-07-26 15:17:10.714  INFO 2320 --- [http-nio-8887-exec-1] o.s.web.servlet.DispatcherServlet        : Initializing Servlet 'dispatcherServlet'
2022-07-26 15:17:10.715  INFO 2320 --- [http-nio-8887-exec-1] o.s.web.servlet.DispatcherServlet        : Completed initialization in 1 ms
2022-07-26 15:17:10.760  INFO 2320 --- [http-nio-8887-exec-1] com.zaxxer.hikari.HikariDataSource       : HikariPool-1 - Starting...
2022-07-26 15:17:11.001  INFO 2320 --- [http-nio-8887-exec-1] com.zaxxer.hikari.HikariDataSource       : HikariPool-1 - Start completed.
2022-07-26 15:26:31.822  INFO 2320 --- [SpringApplicationShutdownHook] com.zaxxer.hikari.HikariDataSource       : HikariPool-1 - Shutdown initiated...
2022-07-26 15:26:31.830  INFO 2320 --- [SpringApplicationShutdownHook] com.zaxxer.hikari.HikariDataSource       : HikariPool-1 - Shutdown completed.
